<?xml version="1.0" encoding="utf-8"?><testsuites name="pytest tests"><testsuite name="pytest" errors="0" failures="0" skipped="0" tests="13" time="59.899" timestamp="2026-07-10T22:59:35.581749+00:00" hostname="agent-env-a50514b1-02ac-4464-9014-0a4958096f2d"><testcase classname="backend.tests.test_budget_error.TestBudgetErrorSource" name="test_llm_budget_error_class_exists" time="0.001" /><testcase classname="backend.tests.test_budget_error.TestBudgetErrorSource" name="test_run_chat_catches_budget_keywords" time="0.000" /><testcase classname="backend.tests.test_budget_error.TestBudgetErrorSource" name="test_each_endpoint_has_httpexception_first[scan_fridge]" time="0.000" /><testcase classname="backend.tests.test_budget_error.TestBudgetErrorSource" name="test_each_endpoint_has_httpexception_first[suggest_recipes]" time="0.000" /><testcase classname="backend.tests.test_budget_error.TestBudgetErrorSource" name="test_each_endpoint_has_httpexception_first[ask_recipes]" time="0.000" /><testcase classname="backend.tests.test_budget_error.TestBudgetErrorSource" name="test_each_endpoint_has_httpexception_first[inspire_meals]" time="0.000" /><testcase classname="backend.tests.test_budget_error.TestBudgetErrorSource" name="test_each_endpoint_has_httpexception_first[analyze_meal]" time="0.000" /><testcase classname="backend.tests.test_budget_error.TestHappyPathRegression" name="test_inspire_breakfast_count8" time="22.177" /><testcase classname="backend.tests.test_budget_error.TestHappyPathRegression" name="test_suggest_chicken_rice" time="18.002" /><testcase classname="backend.tests.test_budget_error.TestHappyPathRegression" name="test_ask_recipes_cookies" time="17.228" /><testcase classname="backend.tests.test_budget_error.TestHappyPathRegression" name="test_analyze_meal_small_image" time="1.862" /><testcase classname="backend.tests.test_budget_error.TestSizeAndLengthLimits" name="test_scan_over_size_returns_413" time="0.461" /><testcase classname="backend.tests.test_budget_error.TestSizeAndLengthLimits" name="test_ask_recipes_query_over_500_returns_400" time="0.104" /></testsuite></testsuites>