<?xml version="1.0" encoding="utf-8"?><testsuites name="pytest tests"><testsuite name="pytest" errors="0" failures="1" skipped="0" tests="5" time="111.108" timestamp="2026-07-10T12:50:41.194152+00:00" hostname="agent-env-a50514b1-02ac-4464-9014-0a4958096f2d"><testcase classname="backend.tests.test_inspire_diets.TestDietVegetarianGlutenFree" name="test_lunch_veg_and_gf" time="19.608" /><testcase classname="backend.tests.test_inspire_diets.TestDietVegan" name="test_dinner_vegan" time="25.740"><failure message="AssertionError: dairy in vegan: [(&quot;Lentil Shepherd's Pie&quot;, 'vegan butter', 'butter')]&#10;assert not [(&quot;Lentil Shepherd's Pie&quot;, 'vegan butter', 'butter')]">backend/tests/test_inspire_diets.py:88: in test_dinner_vegan
    assert not dairy_v, f"dairy in vegan: {dairy_v[:5]}"
E   AssertionError: dairy in vegan: [("Lentil Shepherd's Pie", 'vegan butter', 'butter')]
E   assert not [("Lentil Shepherd's Pie", 'vegan butter', 'butter')]</failure></testcase><testcase classname="backend.tests.test_inspire_diets.TestDietLowCarb" name="test_lunch_low_carb" time="23.631" /><testcase classname="backend.tests.test_inspire_diets.TestDietNoRegression" name="test_breakfast_no_diet" time="21.645" /><testcase classname="backend.tests.test_inspire_diets.TestDietUnknownIgnored" name="test_unknown_diet_ignored" time="20.408" /></testsuite></testsuites>