<?xml version="1.0" encoding="utf-8"?><testsuites name="pytest tests"><testsuite name="pytest" errors="0" failures="0" skipped="0" tests="7" time="202.840" timestamp="2026-07-10T12:26:14.755738+00:00" hostname="agent-env-a50514b1-02ac-4464-9014-0a4958096f2d"><testcase classname="backend.tests.test_inspire.TestInspireBasic" name="test_breakfast_count6" time="28.920" /><testcase classname="backend.tests.test_inspire.TestInspireBasic" name="test_invalid_category_400" time="0.116" /><testcase classname="backend.tests.test_inspire.TestInspireCategories" name="test_each_category_returns_valid[lunch]" time="59.984" /><testcase classname="backend.tests.test_inspire.TestInspireCategories" name="test_each_category_returns_valid[dinner]" time="39.564" /><testcase classname="backend.tests.test_inspire.TestInspireCategories" name="test_each_category_returns_valid[snack]" time="22.341" /><testcase classname="backend.tests.test_inspire.TestInspireCategories" name="test_each_category_returns_valid[dessert]" time="21.232" /><testcase classname="backend.tests.test_inspire.TestInspireCoach" name="test_lunch_with_coach_hint" time="30.612" /></testsuite></testsuites>