<?xml version="1.0" encoding="utf-8"?><testsuites name="pytest tests"><testsuite name="pytest" errors="0" failures="0" skipped="0" tests="5" time="75.470" timestamp="2026-07-10T23:12:06.309324+00:00" hostname="agent-env-a50514b1-02ac-4464-9014-0a4958096f2d"><testcase classname="backend.tests.test_inspire_cache.TestInspireValidation" name="test_invalid_category_returns_400" time="0.197" /><testcase classname="backend.tests.test_inspire_cache.TestInspireColdAndCacheHit" name="test_dinner_cold_then_hit" time="23.544" /><testcase classname="backend.tests.test_inspire_cache.TestInspireCrossCategoryIsolation" name="test_lunch_cold_then_dinner_still_hot" time="27.594" /><testcase classname="backend.tests.test_inspire_cache.TestInspireRefreshBypass" name="test_refresh_true_bypasses_and_replaces_cache" time="20.227" /><testcase classname="backend.tests.test_inspire_cache.TestInspireCachePersistence" name="test_cache_survives_backend_restart" time="3.770" /></testsuite></testsuites>