<?xml version="1.0" encoding="utf-8"?><testsuites name="pytest tests"><testsuite name="pytest" errors="0" failures="0" skipped="0" tests="5" time="48.886" timestamp="2026-07-10T23:19:16.328672+00:00" hostname="agent-env-a50514b1-02ac-4464-9014-0a4958096f2d"><testcase classname="backend.tests.test_inspire_count4" name="test_cold_dinner_count4" time="13.825" /><testcase classname="backend.tests.test_inspire_count4" name="test_cache_hit_dinner_count4" time="0.130" /><testcase classname="backend.tests.test_inspire_count4" name="test_count_clamp_up_to_4" time="13.333" /><testcase classname="backend.tests.test_inspire_count4" name="test_count_clamp_down_to_10" time="21.395" /><testcase classname="backend.tests.test_inspire_count4" name="test_count_8_snack" time="0.132" /></testsuite></testsuites>