<?xml version="1.0" encoding="utf-8"?><testsuites name="pytest tests"><testsuite name="pytest" errors="0" failures="0" skipped="0" tests="5" time="43.711" timestamp="2026-07-10T23:31:53.813345+00:00" hostname="agent-env-a50514b1-02ac-4464-9014-0a4958096f2d"><testcase classname="backend.tests.test_inspire_loadmore" name="test_cold_call_returns_4_valid_recipes[dessert]" time="10.520" /><testcase classname="backend.tests.test_inspire_loadmore" name="test_cold_call_returns_4_valid_recipes[snack]" time="11.045" /><testcase classname="backend.tests.test_inspire_loadmore" name="test_cold_call_returns_4_valid_recipes[breakfast]" time="9.953" /><testcase classname="backend.tests.test_inspire_loadmore" name="test_cache_hit_is_fast" time="0.310" /><testcase classname="backend.tests.test_inspire_loadmore" name="test_refresh_true_bypasses_cache_and_returns_fresh" time="11.755" /></testsuite></testsuites>