<?xml version="1.0" encoding="utf-8"?><testsuites name="pytest tests"><testsuite name="pytest" errors="0" failures="0" skipped="0" tests="15" time="116.672" timestamp="2026-08-27T21:48:18.719640+00:00" hostname="agent-env-a50514b1-02ac-4464-9014-0a4958096f2d"><testcase classname="tests.test_inspire_refresh_all" name="test_fresh_no_500[breakfast]" time="116.252" /><testcase classname="tests.test_inspire_refresh_all" name="test_fresh_no_500[lunch]" time="0.000" /><testcase classname="tests.test_inspire_refresh_all" name="test_fresh_no_500[dinner]" time="0.000" /><testcase classname="tests.test_inspire_refresh_all" name="test_fresh_no_500[snack]" time="0.000" /><testcase classname="tests.test_inspire_refresh_all" name="test_fresh_no_500[dessert]" time="0.000" /><testcase classname="tests.test_inspire_refresh_all" name="test_fresh_instructions_valid[breakfast]" time="0.000" /><testcase classname="tests.test_inspire_refresh_all" name="test_fresh_instructions_valid[lunch]" time="0.000" /><testcase classname="tests.test_inspire_refresh_all" name="test_fresh_instructions_valid[dinner]" time="0.000" /><testcase classname="tests.test_inspire_refresh_all" name="test_fresh_instructions_valid[snack]" time="0.000" /><testcase classname="tests.test_inspire_refresh_all" name="test_fresh_instructions_valid[dessert]" time="0.000" /><testcase classname="tests.test_inspire_refresh_all" name="test_cached_second_call_keeps_instructions[breakfast]" time="0.069" /><testcase classname="tests.test_inspire_refresh_all" name="test_cached_second_call_keeps_instructions[lunch]" time="0.067" /><testcase classname="tests.test_inspire_refresh_all" name="test_cached_second_call_keeps_instructions[dinner]" time="0.074" /><testcase classname="tests.test_inspire_refresh_all" name="test_cached_second_call_keeps_instructions[snack]" time="0.073" /><testcase classname="tests.test_inspire_refresh_all" name="test_cached_second_call_keeps_instructions[dessert]" time="0.066" /></testsuite></testsuites>