<?xml version="1.0" encoding="utf-8"?><testsuites name="pytest tests"><testsuite name="pytest" errors="0" failures="0" skipped="0" tests="13" time="21.939" timestamp="2026-08-27T21:51:13.738028+00:00" hostname="agent-env-a50514b1-02ac-4464-9014-0a4958096f2d"><testcase classname="tests.test_inspire_instructions" name="test_inspire_instructions_non_empty[breakfast]" time="0.556" /><testcase classname="tests.test_inspire_instructions" name="test_inspire_instructions_non_empty[lunch]" time="0.000" /><testcase classname="tests.test_inspire_instructions" name="test_inspire_instructions_non_empty[dinner]" time="0.000" /><testcase classname="tests.test_inspire_instructions" name="test_inspire_instructions_non_empty[snack]" time="0.000" /><testcase classname="tests.test_inspire_instructions" name="test_inspire_instructions_non_empty[dessert]" time="0.000" /><testcase classname="tests.test_inspire_instructions" name="test_inspire_required_fields[breakfast]" time="0.000" /><testcase classname="tests.test_inspire_instructions" name="test_inspire_required_fields[lunch]" time="0.000" /><testcase classname="tests.test_inspire_instructions" name="test_inspire_required_fields[dinner]" time="0.000" /><testcase classname="tests.test_inspire_instructions" name="test_inspire_required_fields[snack]" time="0.000" /><testcase classname="tests.test_inspire_instructions" name="test_inspire_required_fields[dessert]" time="0.000" /><testcase classname="tests.test_inspire_instructions" name="test_inspire_cached_second_call_fast_and_valid" time="0.061" /><testcase classname="tests.test_inspire_instructions" name="test_inspire_invalid_category" time="0.243" /><testcase classname="tests.test_inspire_instructions" name="test_inspire_refresh_returns_valid_instructions" time="21.017" /></testsuite></testsuites>