<?xml version="1.0" encoding="utf-8"?><testsuites name="pytest tests"><testsuite name="pytest" errors="1" failures="11" skipped="0" tests="69" time="544.148" timestamp="2026-07-15T21:02:03.797569+00:00" hostname="agent-env-a50514b1-02ac-4464-9014-0a4958096f2d"><testcase classname="backend.tests.test_api.TestHealth" name="test_root" time="0.274" /><testcase classname="backend.tests.test_api.TestScan" name="test_scan_empty_payload_400" time="0.120" /><testcase classname="backend.tests.test_api.TestScan" name="test_scan_short_payload_400" time="0.106" /><testcase classname="backend.tests.test_api.TestScan" name="test_scan_real_image_returns_ingredients" time="0.000"><error message="failed on setup with &quot;FileNotFoundError: [Errno 2] No such file or directory: '/tmp/fridge.jpg'&quot;">E   FileNotFoundError: [Errno 2] No such file or directory: '/tmp/fridge.jpg'</error></testcase><testcase classname="backend.tests.test_api.TestSuggest" name="test_suggest_empty_list_400" time="0.108" /><testcase classname="backend.tests.test_api.TestSuggest" name="test_suggest_returns_recipes" time="12.410" /><testcase classname="backend.tests.test_budget_error.TestBudgetErrorSource" name="test_llm_budget_error_class_exists" time="0.000" /><testcase classname="backend.tests.test_budget_error.TestBudgetErrorSource" name="test_run_chat_catches_budget_keywords" time="0.000" /><testcase classname="backend.tests.test_budget_error.TestBudgetErrorSource" name="test_each_endpoint_has_httpexception_first[scan_fridge]" time="0.000" /><testcase classname="backend.tests.test_budget_error.TestBudgetErrorSource" name="test_each_endpoint_has_httpexception_first[suggest_recipes]" time="0.000" /><testcase classname="backend.tests.test_budget_error.TestBudgetErrorSource" name="test_each_endpoint_has_httpexception_first[ask_recipes]" time="0.000" /><testcase classname="backend.tests.test_budget_error.TestBudgetErrorSource" name="test_each_endpoint_has_httpexception_first[inspire_meals]" time="0.000"><failure message="AssertionError: inspire_meals: `except HTTPException` must appear BEFORE `except Exception` so LLMBudgetError (503) is not shadowed as 500.&#10;assert 3070 &lt; 1153">E   AssertionError: inspire_meals: `except HTTPException` must appear BEFORE `except Exception` so LLMBudgetError (503) is not shadowed as 500.
    assert 3070 &lt; 1153</failure></testcase><testcase classname="backend.tests.test_budget_error.TestBudgetErrorSource" name="test_each_endpoint_has_httpexception_first[analyze_meal]" time="0.000" /><testcase classname="backend.tests.test_budget_error.TestHappyPathRegression" name="test_inspire_breakfast_count8" time="24.095" /><testcase classname="backend.tests.test_budget_error.TestHappyPathRegression" name="test_suggest_chicken_rice" time="14.520" /><testcase classname="backend.tests.test_budget_error.TestHappyPathRegression" name="test_ask_recipes_cookies" time="18.285" /><testcase classname="backend.tests.test_budget_error.TestHappyPathRegression" name="test_analyze_meal_small_image" time="0.000"><failure message="FileNotFoundError: [Errno 2] No such file or directory: '/tmp/fridge.jpg'">E   FileNotFoundError: [Errno 2] No such file or directory: '/tmp/fridge.jpg'</failure></testcase><testcase classname="backend.tests.test_budget_error.TestSizeAndLengthLimits" name="test_scan_over_size_returns_413" time="0.795" /><testcase classname="backend.tests.test_budget_error.TestSizeAndLengthLimits" name="test_ask_recipes_query_over_500_returns_400" time="0.104" /><testcase classname="backend.tests.test_inspire.TestInspireBasic" name="test_breakfast_count6" time="0.106" /><testcase classname="backend.tests.test_inspire.TestInspireBasic" name="test_invalid_category_400" time="0.116" /><testcase classname="backend.tests.test_inspire.TestInspireCategories" name="test_each_category_returns_valid[lunch]" time="25.406" /><testcase classname="backend.tests.test_inspire.TestInspireCategories" name="test_each_category_returns_valid[dinner]" time="0.146"><failure message="assert (True and 0 &gt;= 1)&#10; +  where True = isinstance([], list)&#10; +  and   0 = len([])">E   assert (True and 0 &gt;= 1)
     +  where True = isinstance([], list)
     +  and   0 = len([])</failure></testcase><testcase classname="backend.tests.test_inspire.TestInspireCategories" name="test_each_category_returns_valid[snack]" time="22.568"><failure message="assert (True and 0 &gt;= 1)&#10; +  where True = isinstance([], list)&#10; +  and   0 = len([])">E   assert (True and 0 &gt;= 1)
     +  where True = isinstance([], list)
     +  and   0 = len([])</failure></testcase><testcase classname="backend.tests.test_inspire.TestInspireCategories" name="test_each_category_returns_valid[dessert]" time="19.739" /><testcase classname="backend.tests.test_inspire.TestInspireCoach" name="test_lunch_with_coach_hint" time="0.153" /><testcase classname="backend.tests.test_inspire_cache.TestInspireValidation" name="test_invalid_category_returns_400" time="0.109" /><testcase classname="backend.tests.test_inspire_cache.TestInspireColdAndCacheHit" name="test_dinner_cold_then_hit" time="25.002" /><testcase classname="backend.tests.test_inspire_cache.TestInspireCrossCategoryIsolation" name="test_lunch_cold_then_dinner_still_hot" time="22.628" /><testcase classname="backend.tests.test_inspire_cache.TestInspireRefreshBypass" name="test_refresh_true_bypasses_and_replaces_cache" time="24.604" /><testcase classname="backend.tests.test_inspire_cache.TestInspireCachePersistence" name="test_cache_survives_backend_restart" time="3.813" /><testcase classname="backend.tests.test_inspire_count4" name="test_cold_dinner_count4" time="14.352" /><testcase classname="backend.tests.test_inspire_count4" name="test_cache_hit_dinner_count4" time="0.141" /><testcase classname="backend.tests.test_inspire_count4" name="test_count_clamp_up_to_4" time="13.903" /><testcase classname="backend.tests.test_inspire_count4" name="test_count_clamp_down_to_10" time="31.010"><failure message="AssertionError: assert 9 == 10&#10; +  where 9 = len([{'id': '1e7be90d-60d5-42f6-bf59-de25acbe69fa', 'title': 'Spicy Edamame', 'emoji': '🌶️', 'difficulty': 'easy', ...}, {...'03324ca2-57a2-4d6d-9ad2-18c2022933b9', 'title': 'Mini Caprese Skewers', 'emoji': '🍅', 'difficulty': 'easy', ...}, ...])">E   AssertionError: assert 9 == 10
     +  where 9 = len([{'id': '1e7be90d-60d5-42f6-bf59-de25acbe69fa', 'title': 'Spicy Edamame', 'emoji': '🌶️', 'difficulty': 'easy', ...}, {...'03324ca2-57a2-4d6d-9ad2-18c2022933b9', 'title': 'Mini Caprese Skewers', 'emoji': '🍅', 'difficulty': 'easy', ...}, ...])</failure></testcase><testcase classname="backend.tests.test_inspire_count4" name="test_count_8_snack" time="0.179" /><testcase classname="backend.tests.test_inspire_diets.TestDietVegetarianGlutenFree" name="test_lunch_veg_and_gf" time="22.985"><failure message="AssertionError: meat/fish in vegetarian recipes: [('Spicy Thai Basil Chicken', 'chicken breast', 'chicken'), ('Classic BLT Sandwich', 'bacon', 'bacon')]&#10;assert not [('Spicy Thai Basil Chicken', 'chicken breast', 'chicken'), ('Classic BLT Sandwich', 'bacon', 'bacon')]">E   AssertionError: meat/fish in vegetarian recipes: [('Spicy Thai Basil Chicken', 'chicken breast', 'chicken'), ('Classic BLT Sandwich', 'bacon', 'bacon')]
    assert not [('Spicy Thai Basil Chicken', 'chicken breast', 'chicken'), ('Classic BLT Sandwich', 'bacon', 'bacon')]</failure></testcase><testcase classname="backend.tests.test_inspire_diets.TestDietVegan" name="test_dinner_vegan" time="23.079"><failure message="AssertionError: meat/fish in vegan: [('Lemon Garlic Butter Shrimp', 'shrimp', 'shrimp'), ('Korean Beef Tacos', 'ground beef', 'beef')]&#10;assert not [('Lemon Garlic Butter Shrimp', 'shrimp', 'shrimp'), ('Korean Beef Tacos', 'ground beef', 'beef')]">E   AssertionError: meat/fish in vegan: [('Lemon Garlic Butter Shrimp', 'shrimp', 'shrimp'), ('Korean Beef Tacos', 'ground beef', 'beef')]
    assert not [('Lemon Garlic Butter Shrimp', 'shrimp', 'shrimp'), ('Korean Beef Tacos', 'ground beef', 'beef')]</failure></testcase><testcase classname="backend.tests.test_inspire_diets.TestDietLowCarb" name="test_lunch_low_carb" time="0.193"><failure message="AssertionError: low_carb recipes &gt;40g carbs: [('Mediterranean Quinoa Salad', 46), ('Chickpea and Spinach Curry', 60), ('Mushroom Risotto', 85)] (all: [('Mediterranean Quinoa Salad', 46), ('Spicy Thai Basil Chicken', 30), ('Chickpea and Spinach Curry', 60), ('Classic BLT Sandwich', 40), ('Mushroom Risotto', 85)])&#10;assert not [('Mediterranean Quinoa Salad', 46), ('Chickpea and Spinach Curry', 60), ('Mushroom Risotto', 85)]">E   AssertionError: low_carb recipes &gt;40g carbs: [('Mediterranean Quinoa Salad', 46), ('Chickpea and Spinach Curry', 60), ('Mushroom Risotto', 85)] (all: [('Mediterranean Quinoa Salad', 46), ('Spicy Thai Basil Chicken', 30), ('Chickpea and Spinach Curry', 60), ('Classic BLT Sandwich', 40), ('Mushroom Risotto', 85)])
    assert not [('Mediterranean Quinoa Salad', 46), ('Chickpea and Spinach Curry', 60), ('Mushroom Risotto', 85)]</failure></testcase><testcase classname="backend.tests.test_inspire_diets.TestDietNoRegression" name="test_breakfast_no_diet" time="60.104"><failure message="AssertionError: &lt;!DOCTYPE html&gt;&#10;  &lt;!--[if lt IE 7]&gt; &lt;html class=&quot;no-js ie6 oldie&quot; lang=&quot;en-US&quot;&gt; &lt;![endif]--&gt;&#10;  &lt;!--[if IE 7]&gt;    &lt;html class=&quot;no-js ie7 oldie&quot; lang=&quot;en-US&quot;&gt; &lt;![endif]--&gt;&#10;  &lt;!--[if IE 8]&gt;    &lt;html class=&quot;no-js ie8 oldie&quot; lang=&quot;en-US&quot;&gt; &lt;![endif]--&gt;&#10;  &lt;!--[if gt IE 8]&gt;&lt;!--&gt; &lt;html class=&quot;no-js&quot; lang=&quot;en-US&quot;&gt; &lt;!--&lt;![endif]--&gt;&#10;  &lt;head&gt;&#10;  &#10;  &lt;title&gt;preview.emergentagent.com | 502: Bad gateway&lt;/title&gt;&#10;  &lt;meta charset=&quot;UTF-8&quot; /&gt;&#10;  &lt;meta http-equiv=&quot;Content-Type&quot; content=&quot;text/html; charset=UTF-8&quot; /&gt;&#10;  &lt;meta http-equiv=&quot;X-UA-Compatible&quot; content=&quot;IE=Edge&quot; /&gt;&#10;  &lt;meta name=&quot;robots&quot; content=&quot;noindex, nofollow&quot; /&gt;&#10;  &lt;meta name=&quot;vie&#10;assert 502 == 200&#10; +  where 502 = &lt;Response [502]&gt;.status_code">E   AssertionError: &lt;!DOCTYPE html&gt;
      &lt;!--[if lt IE 7]&gt; &lt;html class="no-js ie6 oldie" lang="en-US"&gt; &lt;![endif]--&gt;
      &lt;!--[if IE 7]&gt;    &lt;html class="no-js ie7 oldie" lang="en-US"&gt; &lt;![endif]--&gt;
      &lt;!--[if IE 8]&gt;    &lt;html class="no-js ie8 oldie" lang="en-US"&gt; &lt;![endif]--&gt;
      &lt;!--[if gt IE 8]&gt;&lt;!--&gt; &lt;html class="no-js" lang="en-US"&gt; &lt;!--&lt;![endif]--&gt;
      &lt;head&gt;
      
      &lt;title&gt;preview.emergentagent.com | 502: Bad gateway&lt;/title&gt;
      &lt;meta charset="UTF-8" /&gt;
      &lt;meta http-equiv="Content-Type" content="text/html; charset=UTF-8" /&gt;
      &lt;meta http-equiv="X-UA-Compatible" content="IE=Edge" /&gt;
      &lt;meta name="robots" content="noindex, nofollow" /&gt;
      &lt;meta name="vie
    assert 502 == 200
     +  where 502 = &lt;Response [502]&gt;.status_code</failure></testcase><testcase classname="backend.tests.test_inspire_diets.TestDietUnknownIgnored" name="test_unknown_diet_ignored" time="0.269" /><testcase classname="backend.tests.test_inspire_loadmore" name="test_cold_call_returns_4_valid_recipes[dessert]" time="20.604" /><testcase classname="backend.tests.test_inspire_loadmore" name="test_cold_call_returns_4_valid_recipes[snack]" time="16.079" /><testcase classname="backend.tests.test_inspire_loadmore" name="test_cold_call_returns_4_valid_recipes[breakfast]" time="14.315" /><testcase classname="backend.tests.test_inspire_loadmore" name="test_cache_hit_is_fast" time="0.248" /><testcase classname="backend.tests.test_inspire_loadmore" name="test_refresh_true_bypasses_cache_and_returns_fresh" time="23.601" /><testcase classname="backend.tests.test_recipes_detailed.TestAskRecipesDetailed" name="test_ask_cookies_has_yield_and_quantities" time="17.716" /><testcase classname="backend.tests.test_recipes_detailed.TestAskRecipesDetailed" name="test_ask_banana_bread_has_yield_and_quantities" time="13.446" /><testcase classname="backend.tests.test_recipes_detailed.TestSuggestRegression" name="test_suggest_has_new_and_legacy_fields" time="13.017" /><testcase classname="backend.tests.test_security.TestSizeCaps" name="test_scan_image_too_large_413" time="0.723" /><testcase classname="backend.tests.test_security.TestSizeCaps" name="test_analyze_meal_image_too_large_413" time="0.651" /><testcase classname="backend.tests.test_security.TestSizeCaps" name="test_ask_recipes_query_too_long_400" time="0.096" /><testcase classname="backend.tests.test_security.TestSizeCaps" name="test_suggest_too_many_ingredients_400" time="0.101" /><testcase classname="backend.tests.test_security.TestSizeCaps" name="test_suggest_ingredient_name_too_long_400" time="0.141" /><testcase classname="backend.tests.test_security.TestGitignore" name="test_gitignore_covers_env" time="0.000" /><testcase classname="backend.tests.test_security.TestGitignore" name="test_git_check_ignore_backend_env" time="0.003" /><testcase classname="backend.tests.test_security.TestGenericErrors" name="test_ask_recipes_empty_query_no_stack" time="0.106" /><testcase classname="backend.tests.test_security.TestCORS" name="test_cors_evil_origin_not_allowed" time="0.002" /><testcase classname="backend.tests.test_security.TestCORS" name="test_cors_allowed_origin[https://manifest.ie]" time="0.001" /><testcase classname="backend.tests.test_security.TestCORS" name="test_cors_allowed_origin[https://www.manifest.ie]" time="0.001" /><testcase classname="backend.tests.test_security.TestCORS" name="test_cors_allowed_origin[https://whatieat.preview.emergentagent.com]" time="0.001" /><testcase classname="backend.tests.test_security.TestCORS" name="test_cors_guard_rejects_wildcard_in_code" time="0.000" /><testcase classname="backend.tests.test_security.TestDeps" name="test_requirements_removed_and_added" time="0.000" /><testcase classname="backend.tests.test_security.TestDeps" name="test_slowapi_installed" time="0.022" /><testcase classname="backend.tests.test_security.TestRegression" name="test_suggest_happy" time="14.651"><failure message="AssertionError: {&quot;detail&quot;:&quot;Recipe suggestion failed&quot;}&#10;assert 500 == 200&#10; +  where 500 = &lt;Response [500]&gt;.status_code">E   AssertionError: {"detail":"Recipe suggestion failed"}
    assert 500 == 200
     +  where 500 = &lt;Response [500]&gt;.status_code</failure></testcase><testcase classname="backend.tests.test_security.TestRegression" name="test_ask_recipes_happy" time="16.305" /><testcase classname="backend.tests.test_security.TestRegression" name="test_inspire_happy" time="0.192" /><testcase classname="backend.tests.test_security.TestRateLimit" name="test_ask_recipes_rate_limit_429" time="7.136"><failure message="AssertionError: never saw 429 in 65 requests; codes=[400, 400, 400, 400, 400, 400, 400, 400, 400, 400]&#10;assert False">E   AssertionError: never saw 429 in 65 requests; codes=[400, 400, 400, 400, 400, 400, 400, 400, 400, 400]
    assert False</failure></testcase><testcase classname="backend.tests.test_security.TestRateLimit" name="test_scan_rate_limit_429" time="3.384" /></testsuite></testsuites>