<?xml version="1.0" encoding="utf-8"?><testsuites name="pytest tests"><testsuite name="pytest" errors="0" failures="0" skipped="0" tests="3" time="54.073" timestamp="2026-07-10T12:12:13.717244+00:00" hostname="agent-env-a50514b1-02ac-4464-9014-0a4958096f2d"><testcase classname="backend.tests.test_recipes_detailed.TestAskRecipesDetailed" name="test_ask_cookies_has_yield_and_quantities" time="19.026" /><testcase classname="backend.tests.test_recipes_detailed.TestAskRecipesDetailed" name="test_ask_banana_bread_has_yield_and_quantities" time="17.264" /><testcase classname="backend.tests.test_recipes_detailed.TestSuggestRegression" name="test_suggest_has_new_and_legacy_fields" time="17.525" /></testsuite></testsuites>