<?xml version="1.0" encoding="utf-8"?><testsuites name="pytest tests"><testsuite name="pytest" errors="0" failures="0" skipped="0" tests="6" time="11.963" timestamp="2026-06-19T13:40:27.188467+00:00" hostname="agent-env-a50514b1-02ac-4464-9014-0a4958096f2d"><testcase classname="backend.tests.test_api.TestHealth" name="test_root" time="0.235" /><testcase classname="backend.tests.test_api.TestScan" name="test_scan_empty_payload_400" time="0.138" /><testcase classname="backend.tests.test_api.TestScan" name="test_scan_short_payload_400" time="0.093" /><testcase classname="backend.tests.test_api.TestScan" name="test_scan_real_image_returns_ingredients" time="1.911" /><testcase classname="backend.tests.test_api.TestSuggest" name="test_suggest_empty_list_400" time="0.106" /><testcase classname="backend.tests.test_api.TestSuggest" name="test_suggest_returns_recipes" time="9.310" /></testsuite></testsuites>