<?xml version="1.0" encoding="utf-8"?><testsuites name="pytest tests"><testsuite name="pytest" errors="0" failures="0" skipped="0" tests="20" time="50.706" timestamp="2026-07-10T13:15:28.444562+00:00" hostname="agent-env-a50514b1-02ac-4464-9014-0a4958096f2d"><testcase classname="backend.tests.test_security.TestSizeCaps" name="test_scan_image_too_large_413" time="0.769" /><testcase classname="backend.tests.test_security.TestSizeCaps" name="test_analyze_meal_image_too_large_413" time="0.587" /><testcase classname="backend.tests.test_security.TestSizeCaps" name="test_ask_recipes_query_too_long_400" time="0.102" /><testcase classname="backend.tests.test_security.TestSizeCaps" name="test_suggest_too_many_ingredients_400" time="0.105" /><testcase classname="backend.tests.test_security.TestSizeCaps" name="test_suggest_ingredient_name_too_long_400" time="0.104" /><testcase classname="backend.tests.test_security.TestGitignore" name="test_gitignore_covers_env" time="0.000" /><testcase classname="backend.tests.test_security.TestGitignore" name="test_git_check_ignore_backend_env" time="0.003" /><testcase classname="backend.tests.test_security.TestGenericErrors" name="test_ask_recipes_empty_query_no_stack" time="0.099" /><testcase classname="backend.tests.test_security.TestCORS" name="test_cors_evil_origin_not_allowed" time="0.002" /><testcase classname="backend.tests.test_security.TestCORS" name="test_cors_allowed_origin[https://manifest.ie]" time="0.002" /><testcase classname="backend.tests.test_security.TestCORS" name="test_cors_allowed_origin[https://www.manifest.ie]" time="0.001" /><testcase classname="backend.tests.test_security.TestCORS" name="test_cors_allowed_origin[https://whatieat.preview.emergentagent.com]" time="0.001" /><testcase classname="backend.tests.test_security.TestCORS" name="test_cors_guard_rejects_wildcard_in_code" time="0.000" /><testcase classname="backend.tests.test_security.TestDeps" name="test_requirements_removed_and_added" time="0.000" /><testcase classname="backend.tests.test_security.TestDeps" name="test_slowapi_installed" time="0.020" /><testcase classname="backend.tests.test_security.TestRegression" name="test_suggest_happy" time="14.953" /><testcase classname="backend.tests.test_security.TestRegression" name="test_ask_recipes_happy" time="12.737" /><testcase classname="backend.tests.test_security.TestRegression" name="test_inspire_happy" time="12.242" /><testcase classname="backend.tests.test_security.TestRateLimit" name="test_ask_recipes_rate_limit_429" time="6.037" /><testcase classname="backend.tests.test_security.TestRateLimit" name="test_scan_rate_limit_429" time="2.852" /></testsuite></testsuites>