<?xml version="1.0" encoding="utf-8"?><testsuites name="pytest tests"><testsuite name="pytest" errors="0" failures="3" skipped="0" tests="17" time="47.631" timestamp="2026-07-10T13:09:04.333168+00:00" hostname="agent-env-a50514b1-02ac-4464-9014-0a4958096f2d"><testcase classname="backend.tests.test_security.TestSizeCaps" name="test_scan_image_too_large_413" time="0.447" /><testcase classname="backend.tests.test_security.TestSizeCaps" name="test_analyze_meal_image_too_large_413" time="0.637" /><testcase classname="backend.tests.test_security.TestSizeCaps" name="test_ask_recipes_query_too_long_400" time="0.103" /><testcase classname="backend.tests.test_security.TestSizeCaps" name="test_suggest_too_many_ingredients_400" time="0.096" /><testcase classname="backend.tests.test_security.TestSizeCaps" name="test_suggest_ingredient_name_too_long_400" time="0.085" /><testcase classname="backend.tests.test_security.TestGitignore" name="test_gitignore_covers_env" time="0.000" /><testcase classname="backend.tests.test_security.TestGitignore" name="test_git_check_ignore_backend_env" time="0.003" /><testcase classname="backend.tests.test_security.TestGenericErrors" name="test_ask_recipes_empty_query_no_stack" time="0.096" /><testcase classname="backend.tests.test_security.TestCORS" name="test_cors_evil_origin_not_allowed" time="0.068"><failure message="AssertionError: assert '*' != '*'">backend/tests/test_security.py:88: in test_cors_evil_origin_not_allowed
    assert acao != "*"
E   AssertionError: assert '*' != '*'</failure></testcase><testcase classname="backend.tests.test_security.TestCORS" name="test_cors_allowed_origin" time="0.067"><failure message="AssertionError: assert '*' == 'https://manifest.ie'&#10;  &#10;  - https://manifest.ie&#10;  + *">backend/tests/test_security.py:101: in test_cors_allowed_origin
    assert r.headers.get("access-control-allow-origin") == "https://manifest.ie"
E   AssertionError: assert '*' == 'https://manifest.ie'
E     
E     - https://manifest.ie
E     + *</failure></testcase><testcase classname="backend.tests.test_security.TestDeps" name="test_requirements_removed_and_added" time="0.000" /><testcase classname="backend.tests.test_security.TestDeps" name="test_slowapi_installed" time="0.020" /><testcase classname="backend.tests.test_security.TestRegression" name="test_suggest_happy" time="13.260" /><testcase classname="backend.tests.test_security.TestRegression" name="test_ask_recipes_happy" time="17.041" /><testcase classname="backend.tests.test_security.TestRegression" name="test_inspire_happy" time="6.584"><failure message="AssertionError: {&quot;detail&quot;:&quot;Inspiration failed&quot;}&#10;assert 500 == 200&#10; +  where 500 = &lt;Response [500]&gt;.status_code">backend/tests/test_security.py:146: in test_inspire_happy
    assert r.status_code == 200, r.text[:300]
E   AssertionError: {"detail":"Inspiration failed"}
E   assert 500 == 200
E    +  where 500 = &lt;Response [500]&gt;.status_code</failure></testcase><testcase classname="backend.tests.test_security.TestRateLimit" name="test_ask_recipes_rate_limit_429" time="5.971" /><testcase classname="backend.tests.test_security.TestRateLimit" name="test_scan_rate_limit_429" time="3.044" /></testsuite></testsuites>